2016-09-18 12:17:39 INFO  EventHandlerTest:35 - 
2016-09-18 12:17:39 INFO  EventHandlerTest:36 - ***** STARTING TEST: EventHandlerTest ******
2016-09-18 12:17:40 INFO  EventHandler:149 - Event deleted: 123
2016-09-18 12:17:40 INFO  EventHandler:51 - Event added: 124
2016-09-18 12:17:40 INFO  EventHandler:70 - Event added: 844673343
2016-09-18 12:17:41 INFO  EventHandler:136 - Updated 123 to new title My New Title
2016-09-18 12:19:18 INFO  EventHandlerTest:35 - 
2016-09-18 12:19:18 INFO  EventHandlerTest:36 - ***** STARTING TEST: EventHandlerTest ******
2016-09-18 12:19:19 INFO  EventHandler:146 - Event deleted: 123
2016-09-18 12:19:20 INFO  EventHandler:51 - Event added: 124
2016-09-18 12:19:20 INFO  EventHandler:69 - Event added: 637492148
2016-09-18 12:19:20 INFO  EventHandler:134 - Updated 123 to new title My New Title
2016-09-18 12:23:22 INFO  EventHandlerTest:35 - 
2016-09-18 12:23:22 INFO  EventHandlerTest:36 - ***** STARTING TEST: EventHandlerTest ******
2016-09-18 12:26:03 INFO  EventHandlerTest:35 - 
2016-09-18 12:26:03 INFO  EventHandlerTest:36 - ***** STARTING TEST: EventHandlerTest ******
2016-09-18 12:28:29 INFO  EventHandlerTest:35 - 
2016-09-18 12:28:29 INFO  EventHandlerTest:36 - ***** STARTING TEST: EventHandlerTest ******
2016-09-18 12:28:29 INFO  EventHandler:84 - INSERT INTO UserSavedEvents (user_id, event_id) VALUES (1, 123);
2016-09-18 12:38:59 INFO  EventHandlerTest:34 - 
2016-09-18 12:38:59 INFO  EventHandlerTest:35 - ***** STARTING TEST: EventHandlerTest ******
2016-09-18 12:45:19 INFO  EventHandlerTest:34 - 
2016-09-18 12:45:19 INFO  EventHandlerTest:35 - ***** STARTING TEST: EventHandlerTest ******
2016-09-18 12:45:19 INFO  EventHandler:86 - Event 123 saved to user 1
2016-09-18 12:53:41 INFO  EventHandlerTest:34 - 
2016-09-18 12:53:41 INFO  EventHandlerTest:35 - ***** STARTING TEST: EventHandlerTest ******
2016-09-18 12:54:39 INFO  EventHandlerTest:34 - 
2016-09-18 12:54:39 INFO  EventHandlerTest:35 - ***** STARTING TEST: EventHandlerTest ******
2016-09-18 12:54:40 INFO  EventHandler:147 - Event deleted: 123
2016-09-18 12:54:41 INFO  EventHandler:50 - Event added: 124
2016-09-18 12:54:41 INFO  EventHandler:69 - Event added: 827104666
2016-09-18 12:54:41 INFO  EventHandler:135 - Updated 123 to new title My New Title
2016-09-18 12:57:11 INFO  EventHandlerTest:34 - 
2016-09-18 12:57:11 INFO  EventHandlerTest:35 - ***** STARTING TEST: EventHandlerTest ******
2016-09-18 12:57:13 INFO  EventHandler:147 - Event deleted: 123
2016-09-18 12:57:13 INFO  EventHandler:50 - Event added: 124
2016-09-18 12:57:13 INFO  EventHandler:69 - Event added: 173129270
2016-09-18 12:57:13 INFO  EventHandler:135 - Updated 123 to new title My New Title
2016-09-18 12:57:14 INFO  EventHandler:86 - Event 123 saved to user 1
